[2024-06-23 12:43:27,353 : INFO : SentenceTransformer : Use pytorch device_name: cpu]
[2024-06-23 12:43:27,353 : INFO : SentenceTransformer : Load pretrained SentenceTransformer: sentence-transformers/all-mpnet-base-v2]
[2024-06-23 12:43:32,718 : INFO : main : Data loaded]
[2024-06-23 12:43:32,718 : INFO : main : Data splitted]
[2024-06-23 12:45:10,788 : INFO : loader : Loading faiss with AVX512 support.]
[2024-06-23 12:45:10,788 : INFO : loader : Could not load library with AVX512 support due to:
ModuleNotFoundError("No module named 'faiss.swigfaiss_avx512'")]
[2024-06-23 12:45:10,788 : INFO : loader : Loading faiss with AVX2 support.]
[2024-06-23 12:45:11,314 : INFO : loader : Successfully loaded faiss with AVX2 support.]
[2024-06-23 12:45:11,350 : INFO : main : Data is stored in vdb]
[2024-06-23 12:45:11,386 : INFO : main : Searching done]
[2024-06-23 12:48:10,525 : INFO : SentenceTransformer : Use pytorch device_name: cpu]
[2024-06-23 12:48:10,525 : INFO : SentenceTransformer : Load pretrained SentenceTransformer: sentence-transformers/all-mpnet-base-v2]
[2024-06-23 12:48:14,262 : INFO : main : Data loaded]
[2024-06-23 12:48:14,278 : INFO : main : Data splitted]
[2024-06-23 12:49:53,416 : INFO : loader : Loading faiss with AVX512 support.]
[2024-06-23 12:49:53,416 : INFO : loader : Could not load library with AVX512 support due to:
ModuleNotFoundError("No module named 'faiss.swigfaiss_avx512'")]
[2024-06-23 12:49:53,416 : INFO : loader : Loading faiss with AVX2 support.]
[2024-06-23 12:49:53,502 : INFO : loader : Successfully loaded faiss with AVX2 support.]
[2024-06-23 12:49:53,539 : INFO : main : Data is stored in vdb]
[2024-06-23 12:50:21,736 : INFO : main : Searching done]
[2024-06-23 13:00:22,320 : INFO : SentenceTransformer : Use pytorch device_name: cpu]
[2024-06-23 13:00:22,320 : INFO : SentenceTransformer : Load pretrained SentenceTransformer: sentence-transformers/all-mpnet-base-v2]
[2024-06-23 13:00:28,702 : INFO : main : Data loaded]
[2024-06-23 13:00:28,708 : INFO : main : Data splitted]
[2024-06-23 13:02:41,682 : INFO : loader : Loading faiss with AVX512 support.]
[2024-06-23 13:02:41,682 : INFO : loader : Could not load library with AVX512 support due to:
ModuleNotFoundError("No module named 'faiss.swigfaiss_avx512'")]
[2024-06-23 13:02:41,682 : INFO : loader : Loading faiss with AVX2 support.]
[2024-06-23 13:02:41,880 : INFO : loader : Successfully loaded faiss with AVX2 support.]
[2024-06-23 13:02:41,943 : INFO : main : Data is stored in vdb]
[2024-06-23 13:04:01,974 : INFO : main : Searching done]
[2024-06-23 19:41:37,638 : INFO : SentenceTransformer : Use pytorch device_name: cpu]
[2024-06-23 19:41:37,638 : INFO : SentenceTransformer : Load pretrained SentenceTransformer: sentence-transformers/all-mpnet-base-v2]
[2024-06-23 19:41:39,064 : INFO : main : Data loaded]
[2024-06-23 19:41:39,064 : INFO : main : Data splitted]
[2024-06-23 19:43:33,406 : INFO : loader : Loading faiss with AVX512 support.]
[2024-06-23 19:43:33,406 : INFO : loader : Could not load library with AVX512 support due to:
ModuleNotFoundError("No module named 'faiss.swigfaiss_avx512'")]
[2024-06-23 19:43:33,406 : INFO : loader : Loading faiss with AVX2 support.]
[2024-06-23 19:43:34,017 : INFO : loader : Successfully loaded faiss with AVX2 support.]
[2024-06-23 19:43:34,078 : INFO : main : Data is stored in vdb]
[2024-06-23 19:44:19,816 : INFO : main : Searching done]
[2024-06-23 19:55:26,106 : INFO : SentenceTransformer : Use pytorch device_name: cpu]
[2024-06-23 19:55:26,106 : INFO : SentenceTransformer : Load pretrained SentenceTransformer: sentence-transformers/all-mpnet-base-v2]
[2024-06-23 19:55:32,853 : INFO : main : Data loaded]
[2024-06-23 19:55:32,861 : INFO : main : Data splitted]
[2024-06-23 19:57:14,181 : INFO : loader : Loading faiss with AVX512 support.]
[2024-06-23 19:57:14,181 : INFO : loader : Could not load library with AVX512 support due to:
ModuleNotFoundError("No module named 'faiss.swigfaiss_avx512'")]
[2024-06-23 19:57:14,181 : INFO : loader : Loading faiss with AVX2 support.]
[2024-06-23 19:57:14,658 : INFO : loader : Successfully loaded faiss with AVX2 support.]
[2024-06-23 19:57:14,685 : INFO : main : Data is stored in vdb]
[2024-06-23 19:58:16,875 : INFO : SentenceTransformer : Use pytorch device_name: cpu]
[2024-06-23 19:58:16,875 : INFO : SentenceTransformer : Load pretrained SentenceTransformer: sentence-transformers/all-mpnet-base-v2]
[2024-06-23 19:58:22,028 : INFO : main : Data loaded]
[2024-06-23 19:58:22,041 : INFO : main : Data splitted]
[2024-06-23 20:00:04,755 : INFO : loader : Loading faiss with AVX512 support.]
[2024-06-23 20:00:04,755 : INFO : loader : Could not load library with AVX512 support due to:
ModuleNotFoundError("No module named 'faiss.swigfaiss_avx512'")]
[2024-06-23 20:00:04,755 : INFO : loader : Loading faiss with AVX2 support.]
[2024-06-23 20:00:04,791 : INFO : loader : Successfully loaded faiss with AVX2 support.]
[2024-06-23 20:00:04,833 : INFO : main : Data is stored in vdb]
[2024-06-23 20:00:11,225 : INFO : SentenceTransformer : Use pytorch device_name: cpu]
[2024-06-23 20:00:11,225 : INFO : SentenceTransformer : Load pretrained SentenceTransformer: sentence-transformers/all-mpnet-base-v2]
[2024-06-23 20:00:16,416 : INFO : main : Data loaded]
[2024-06-23 20:00:16,418 : INFO : main : Data splitted]
[2024-06-23 20:02:54,619 : INFO : SentenceTransformer : Use pytorch device_name: cpu]
[2024-06-23 20:02:54,619 : INFO : SentenceTransformer : Load pretrained SentenceTransformer: sentence-transformers/all-mpnet-base-v2]
[2024-06-23 20:02:59,549 : INFO : main : Data loaded]
[2024-06-23 20:02:59,561 : INFO : main : Data splitted]
[2024-06-23 20:04:41,572 : INFO : loader : Loading faiss with AVX512 support.]
[2024-06-23 20:04:41,572 : INFO : loader : Could not load library with AVX512 support due to:
ModuleNotFoundError("No module named 'faiss.swigfaiss_avx512'")]
[2024-06-23 20:04:41,572 : INFO : loader : Loading faiss with AVX2 support.]
[2024-06-23 20:04:41,633 : INFO : loader : Successfully loaded faiss with AVX2 support.]
[2024-06-23 20:04:41,667 : INFO : main : Data is stored in vdb]
[2024-06-23 20:05:28,151 : INFO : main : Searching done]
[2024-06-23 20:05:45,693 : INFO : main : Searching done]
[2024-06-23 20:16:06,002 : INFO : SentenceTransformer : Use pytorch device_name: cpu]
[2024-06-23 20:16:06,002 : INFO : SentenceTransformer : Load pretrained SentenceTransformer: sentence-transformers/all-mpnet-base-v2]
[2024-06-23 20:16:11,645 : INFO : main : Data loaded]
[2024-06-23 20:16:11,651 : INFO : main : Data splitted]
[2024-06-23 20:17:57,958 : INFO : loader : Loading faiss with AVX512 support.]
[2024-06-23 20:17:57,958 : INFO : loader : Could not load library with AVX512 support due to:
ModuleNotFoundError("No module named 'faiss.swigfaiss_avx512'")]
[2024-06-23 20:17:57,958 : INFO : loader : Loading faiss with AVX2 support.]
[2024-06-23 20:17:58,049 : INFO : loader : Successfully loaded faiss with AVX2 support.]
[2024-06-23 20:17:58,073 : INFO : main : Data is stored in vdb]
[2024-06-23 20:19:24,009 : INFO : main : Searching done]
[2024-06-23 20:20:06,052 : INFO : SentenceTransformer : Use pytorch device_name: cpu]
[2024-06-23 20:20:06,068 : INFO : SentenceTransformer : Load pretrained SentenceTransformer: sentence-transformers/all-mpnet-base-v2]
[2024-06-23 20:20:11,670 : INFO : main : Data loaded]
[2024-06-23 20:20:11,670 : INFO : main : Data splitted]
[2024-06-23 20:22:36,584 : INFO : loader : Loading faiss with AVX512 support.]
[2024-06-23 20:22:36,584 : INFO : loader : Could not load library with AVX512 support due to:
ModuleNotFoundError("No module named 'faiss.swigfaiss_avx512'")]
[2024-06-23 20:22:36,584 : INFO : loader : Loading faiss with AVX2 support.]
[2024-06-23 20:22:36,622 : INFO : loader : Successfully loaded faiss with AVX2 support.]
[2024-06-23 20:22:36,668 : INFO : main : Data is stored in vdb]
[2024-06-23 20:22:36,701 : INFO : main : Searching done]
[2024-06-23 20:22:45,573 : INFO : SentenceTransformer : Use pytorch device_name: cpu]
[2024-06-23 20:22:45,573 : INFO : SentenceTransformer : Load pretrained SentenceTransformer: sentence-transformers/all-mpnet-base-v2]
[2024-06-23 20:22:51,235 : INFO : main : Data loaded]
[2024-06-23 20:22:51,245 : INFO : main : Data splitted]
[2024-06-23 20:30:26,389 : INFO : SentenceTransformer : Use pytorch device_name: cpu]
[2024-06-23 20:30:26,389 : INFO : SentenceTransformer : Load pretrained SentenceTransformer: sentence-transformers/all-mpnet-base-v2]
[2024-06-23 20:30:32,401 : INFO : main : Data loaded]
[2024-06-23 20:30:32,418 : INFO : main : Data splitted]
[2024-06-23 20:32:12,425 : INFO : loader : Loading faiss with AVX512 support.]
[2024-06-23 20:32:12,425 : INFO : loader : Could not load library with AVX512 support due to:
ModuleNotFoundError("No module named 'faiss.swigfaiss_avx512'")]
[2024-06-23 20:32:12,425 : INFO : loader : Loading faiss with AVX2 support.]
[2024-06-23 20:32:12,445 : INFO : loader : Successfully loaded faiss with AVX2 support.]
[2024-06-23 20:32:12,489 : INFO : main : Data is stored in vdb]
[2024-06-23 20:32:46,960 : INFO : main : Searching done]
[2024-06-23 20:33:15,789 : INFO : SentenceTransformer : Use pytorch device_name: cpu]
[2024-06-23 20:33:15,789 : INFO : SentenceTransformer : Load pretrained SentenceTransformer: sentence-transformers/all-mpnet-base-v2]
[2024-06-23 20:33:21,162 : INFO : main : Data loaded]
[2024-06-23 20:33:21,177 : INFO : main : Data splitted]
[2024-06-23 20:35:16,586 : INFO : loader : Loading faiss with AVX512 support.]
[2024-06-23 20:35:16,586 : INFO : loader : Could not load library with AVX512 support due to:
ModuleNotFoundError("No module named 'faiss.swigfaiss_avx512'")]
[2024-06-23 20:35:16,586 : INFO : loader : Loading faiss with AVX2 support.]
[2024-06-23 20:35:16,625 : INFO : loader : Successfully loaded faiss with AVX2 support.]
[2024-06-23 20:35:16,671 : INFO : main : Data is stored in vdb]
[2024-06-23 20:35:16,681 : ERROR : app : Error fetching data: ('Connection aborted.', ConnectionResetError(10054, 'An existing connection was forcibly closed by the remote host', None, 10054, None))]
[2024-06-23 20:35:21,922 : INFO : SentenceTransformer : Use pytorch device_name: cpu]
[2024-06-23 20:35:21,922 : INFO : SentenceTransformer : Load pretrained SentenceTransformer: sentence-transformers/all-mpnet-base-v2]
[2024-06-23 20:38:32,869 : INFO : SentenceTransformer : Use pytorch device_name: cpu]
[2024-06-23 20:38:32,869 : INFO : SentenceTransformer : Load pretrained SentenceTransformer: sentence-transformers/all-mpnet-base-v2]
[2024-06-23 20:38:38,472 : INFO : main : Data loaded]
[2024-06-23 20:38:38,494 : INFO : main : Data splitted]
[2024-06-23 20:40:58,240 : INFO : loader : Loading faiss with AVX512 support.]
[2024-06-23 20:40:58,240 : INFO : loader : Could not load library with AVX512 support due to:
ModuleNotFoundError("No module named 'faiss.swigfaiss_avx512'")]
[2024-06-23 20:40:58,256 : INFO : loader : Loading faiss with AVX2 support.]
[2024-06-23 20:40:58,287 : INFO : loader : Successfully loaded faiss with AVX2 support.]
[2024-06-23 20:40:58,322 : INFO : main : Data is stored in vdb]
[2024-06-23 20:41:42,235 : INFO : main : Searching done]
[2024-06-23 20:41:58,812 : INFO : main : Searching done]
[2024-06-23 20:42:14,588 : INFO : main : Searching done]
